2024-11-20 03:14:58 info: Congratulations, your extension "Embold" is now active!
2024-11-20 03:14:58 info: tempDirectory : c:\Users\USER\.vscode\extensions\embold-vscode.embold-0.1.8\temp
2024-11-20 03:14:59 info: Extraction complete for source: c:\Users\USER\.vscode\extensions\embold-vscode.embold-0.1.8\resources\embold-scanner-archive.zip, destination: c:\Users\USER\.vscode\extensions\embold-vscode.embold-0.1.8\temp
2024-11-20 03:14:59 info: Extension installed on machine OS : win32
2024-11-20 03:15:02 info: Fetched the issues from DB
2024-11-20 03:15:03 info: Embold extension version response:{"hasSupport":false,"version":"0.1.6","changeNotes":"<div> <p>Release Date: 09 Oct, 2023 <br><span>Bug fixes and improvements.</span></p> </div>"}
2024-11-20 03:15:03 info: Current installed embold extension version : 0.1.8
2024-11-20 03:15:03 info: Latest embold extension version on marketplace : 0.1.6
2024-11-20 03:15:04 info: Java version installed on machine : 
java version "21.0.2" 2024-01-16 LTS
Java(TM) SE Runtime Environment (build 21.0.2+13-LTS-58)
Java HotSpot(TM) 64-Bit Server VM (build 21.0.2+13-LTS-58, mixed mode, sharing)

2024-11-20 03:15:04 info: Java installed on machine.
2024-11-20 03:35:56 info: Row(s) deleted
2024-11-20 03:42:06 info: Row(s) deleted
2024-11-20 03:42:13 info: Row(s) deleted
2024-11-20 12:11:57 info: Row(s) deleted
2024-11-20 12:12:52 info: Row(s) deleted
2024-11-20 12:12:52 info: Row(s) deleted
2024-11-20 12:18:33 info: Row(s) deleted
2024-11-20 12:20:21 info: Row(s) deleted
2024-11-20 12:27:27 info: Congratulations, your extension "Embold" is now active!
2024-11-20 12:27:27 info: tempDirectory : c:\Users\USER\.vscode\extensions\embold-vscode.embold-0.1.8\temp
2024-11-20 12:27:29 info: Extraction complete for source: c:\Users\USER\.vscode\extensions\embold-vscode.embold-0.1.8\resources\embold-scanner-archive.zip, destination: c:\Users\USER\.vscode\extensions\embold-vscode.embold-0.1.8\temp
2024-11-20 12:27:29 info: Extension installed on machine OS : win32
2024-11-20 12:27:58 info: Fetched the issues from DB
2024-11-20 12:28:02 info: Java version installed on machine : 
java version "21.0.2" 2024-01-16 LTS
Java(TM) SE Runtime Environment (build 21.0.2+13-LTS-58)
Java HotSpot(TM) 64-Bit Server VM (build 21.0.2+13-LTS-58, mixed mode, sharing)

2024-11-20 12:28:02 info: Java installed on machine.
2024-11-20 12:28:03 info: Embold extension version response:{"hasSupport":false,"version":"0.1.6","changeNotes":"<div> <p>Release Date: 09 Oct, 2023 <br><span>Bug fixes and improvements.</span></p> </div>"}
2024-11-20 12:28:03 info: Current installed embold extension version : 0.1.8
2024-11-20 12:28:03 info: Latest embold extension version on marketplace : 0.1.6
2024-11-20 12:45:35 info: Row(s) deleted
2024-11-20 12:49:35 info: Row(s) deleted
2024-11-20 12:50:07 info: Row(s) deleted
2024-11-20 12:50:35 info: Row(s) deleted
2024-11-20 12:50:43 info: Row(s) deleted
2024-11-20 13:01:39 info: Row(s) deleted
